<?xml version="1.0" encoding="UTF-8"?>
<!-- Generated by org.testng.reporters.JUnitReportReporter -->
<testsuite hostname="DESKTOP-P3QRG45" name="Testcases.LoginApplication" tests="1" failures="0" timestamp="17 Sep 2019 08:55:09 GMT" time="26.235" errors="0">
  <testcase name="Login" time="26.235" classname="Testcases.LoginApplication"/>
</testsuite> <!-- Testcases.LoginApplication -->
